[2024-08-20T17:43:47.245+0000] {processor.py:186} INFO - Started process (PID=55) to work on /opt/airflow/dags/pipeline_dag.py
[2024-08-20T17:43:47.248+0000] {processor.py:914} INFO - Processing file /opt/airflow/dags/pipeline_dag.py for tasks to queue
[2024-08-20T17:43:47.258+0000] {logging_mixin.py:190} INFO - [2024-08-20T17:43:47.257+0000] {dagbag.py:587} INFO - Filling up the DagBag from /opt/airflow/dags/pipeline_dag.py
[2024-08-20T17:43:57.085+0000] {processor.py:925} INFO - DAG(s) 'data_pipeline' retrieved from /opt/airflow/dags/pipeline_dag.py
[2024-08-20T17:43:57.767+0000] {logging_mixin.py:190} INFO - [2024-08-20T17:43:57.765+0000] {override.py:1858} INFO - Created Permission View: can delete on DAG:data_pipeline
[2024-08-20T17:43:57.786+0000] {logging_mixin.py:190} INFO - [2024-08-20T17:43:57.786+0000] {override.py:1858} INFO - Created Permission View: can read on DAG:data_pipeline
[2024-08-20T17:43:57.798+0000] {logging_mixin.py:190} INFO - [2024-08-20T17:43:57.797+0000] {override.py:1858} INFO - Created Permission View: can edit on DAG:data_pipeline
[2024-08-20T17:43:57.799+0000] {logging_mixin.py:190} INFO - [2024-08-20T17:43:57.799+0000] {dag.py:3211} INFO - Sync 1 DAGs
[2024-08-20T17:43:57.892+0000] {logging_mixin.py:190} INFO - [2024-08-20T17:43:57.891+0000] {dag.py:3234} INFO - Creating ORM DAG for data_pipeline
[2024-08-20T17:43:57.894+0000] {logging_mixin.py:190} INFO - [2024-08-20T17:43:57.894+0000] {dag.py:4138} INFO - Setting next_dagrun for data_pipeline to None, run_after=None
[2024-08-20T17:43:57.926+0000] {processor.py:208} INFO - Processing /opt/airflow/dags/pipeline_dag.py took 10.691 seconds
[2024-08-20T17:44:28.304+0000] {processor.py:186} INFO - Started process (PID=68) to work on /opt/airflow/dags/pipeline_dag.py
[2024-08-20T17:44:28.308+0000] {processor.py:914} INFO - Processing file /opt/airflow/dags/pipeline_dag.py for tasks to queue
[2024-08-20T17:44:28.316+0000] {logging_mixin.py:190} INFO - [2024-08-20T17:44:28.315+0000] {dagbag.py:587} INFO - Filling up the DagBag from /opt/airflow/dags/pipeline_dag.py
[2024-08-20T17:44:31.504+0000] {processor.py:925} INFO - DAG(s) 'data_pipeline' retrieved from /opt/airflow/dags/pipeline_dag.py
[2024-08-20T17:44:31.542+0000] {logging_mixin.py:190} INFO - [2024-08-20T17:44:31.541+0000] {dag.py:3211} INFO - Sync 1 DAGs
[2024-08-20T17:44:31.558+0000] {logging_mixin.py:190} INFO - [2024-08-20T17:44:31.558+0000] {dag.py:4138} INFO - Setting next_dagrun for data_pipeline to None, run_after=None
[2024-08-20T17:44:31.583+0000] {processor.py:208} INFO - Processing /opt/airflow/dags/pipeline_dag.py took 3.299 seconds
[2024-08-20T17:45:01.690+0000] {processor.py:186} INFO - Started process (PID=76) to work on /opt/airflow/dags/pipeline_dag.py
[2024-08-20T17:45:01.691+0000] {processor.py:914} INFO - Processing file /opt/airflow/dags/pipeline_dag.py for tasks to queue
[2024-08-20T17:45:01.695+0000] {logging_mixin.py:190} INFO - [2024-08-20T17:45:01.694+0000] {dagbag.py:587} INFO - Filling up the DagBag from /opt/airflow/dags/pipeline_dag.py
[2024-08-20T17:45:06.693+0000] {processor.py:925} INFO - DAG(s) 'data_pipeline' retrieved from /opt/airflow/dags/pipeline_dag.py
[2024-08-20T17:45:06.943+0000] {logging_mixin.py:190} INFO - [2024-08-20T17:45:06.941+0000] {dag.py:3211} INFO - Sync 1 DAGs
[2024-08-20T17:45:06.977+0000] {logging_mixin.py:190} INFO - [2024-08-20T17:45:06.976+0000] {dag.py:4138} INFO - Setting next_dagrun for data_pipeline to None, run_after=None
[2024-08-20T17:45:07.023+0000] {processor.py:208} INFO - Processing /opt/airflow/dags/pipeline_dag.py took 5.339 seconds
[2024-08-20T17:45:37.409+0000] {processor.py:186} INFO - Started process (PID=84) to work on /opt/airflow/dags/pipeline_dag.py
[2024-08-20T17:45:37.411+0000] {processor.py:914} INFO - Processing file /opt/airflow/dags/pipeline_dag.py for tasks to queue
[2024-08-20T17:45:37.414+0000] {logging_mixin.py:190} INFO - [2024-08-20T17:45:37.413+0000] {dagbag.py:587} INFO - Filling up the DagBag from /opt/airflow/dags/pipeline_dag.py
[2024-08-20T17:45:38.472+0000] {processor.py:925} INFO - DAG(s) 'data_pipeline' retrieved from /opt/airflow/dags/pipeline_dag.py
[2024-08-20T17:45:38.505+0000] {logging_mixin.py:190} INFO - [2024-08-20T17:45:38.504+0000] {dag.py:3211} INFO - Sync 1 DAGs
[2024-08-20T17:45:38.521+0000] {logging_mixin.py:190} INFO - [2024-08-20T17:45:38.520+0000] {dag.py:4138} INFO - Setting next_dagrun for data_pipeline to None, run_after=None
[2024-08-20T17:45:38.547+0000] {processor.py:208} INFO - Processing /opt/airflow/dags/pipeline_dag.py took 1.146 seconds
[2024-08-20T17:46:08.746+0000] {processor.py:186} INFO - Started process (PID=92) to work on /opt/airflow/dags/pipeline_dag.py
[2024-08-20T17:46:08.747+0000] {processor.py:914} INFO - Processing file /opt/airflow/dags/pipeline_dag.py for tasks to queue
[2024-08-20T17:46:08.751+0000] {logging_mixin.py:190} INFO - [2024-08-20T17:46:08.750+0000] {dagbag.py:587} INFO - Filling up the DagBag from /opt/airflow/dags/pipeline_dag.py
[2024-08-20T17:46:09.564+0000] {processor.py:925} INFO - DAG(s) 'data_pipeline' retrieved from /opt/airflow/dags/pipeline_dag.py
[2024-08-20T17:46:09.594+0000] {logging_mixin.py:190} INFO - [2024-08-20T17:46:09.593+0000] {dag.py:3211} INFO - Sync 1 DAGs
[2024-08-20T17:46:09.611+0000] {logging_mixin.py:190} INFO - [2024-08-20T17:46:09.610+0000] {dag.py:4138} INFO - Setting next_dagrun for data_pipeline to None, run_after=None
[2024-08-20T17:46:09.638+0000] {processor.py:208} INFO - Processing /opt/airflow/dags/pipeline_dag.py took 0.899 seconds
[2024-08-20T17:46:40.125+0000] {processor.py:186} INFO - Started process (PID=100) to work on /opt/airflow/dags/pipeline_dag.py
[2024-08-20T17:46:40.126+0000] {processor.py:914} INFO - Processing file /opt/airflow/dags/pipeline_dag.py for tasks to queue
[2024-08-20T17:46:40.129+0000] {logging_mixin.py:190} INFO - [2024-08-20T17:46:40.129+0000] {dagbag.py:587} INFO - Filling up the DagBag from /opt/airflow/dags/pipeline_dag.py
[2024-08-20T17:46:40.845+0000] {processor.py:925} INFO - DAG(s) 'data_pipeline' retrieved from /opt/airflow/dags/pipeline_dag.py
[2024-08-20T17:46:40.910+0000] {logging_mixin.py:190} INFO - [2024-08-20T17:46:40.908+0000] {dag.py:3211} INFO - Sync 1 DAGs
[2024-08-20T17:46:40.949+0000] {logging_mixin.py:190} INFO - [2024-08-20T17:46:40.949+0000] {dag.py:4138} INFO - Setting next_dagrun for data_pipeline to None, run_after=None
[2024-08-20T17:46:40.982+0000] {processor.py:208} INFO - Processing /opt/airflow/dags/pipeline_dag.py took 0.863 seconds
[2024-08-20T17:47:11.333+0000] {processor.py:186} INFO - Started process (PID=108) to work on /opt/airflow/dags/pipeline_dag.py
[2024-08-20T17:47:11.335+0000] {processor.py:914} INFO - Processing file /opt/airflow/dags/pipeline_dag.py for tasks to queue
[2024-08-20T17:47:11.339+0000] {logging_mixin.py:190} INFO - [2024-08-20T17:47:11.338+0000] {dagbag.py:587} INFO - Filling up the DagBag from /opt/airflow/dags/pipeline_dag.py
[2024-08-20T17:47:12.180+0000] {processor.py:925} INFO - DAG(s) 'data_pipeline' retrieved from /opt/airflow/dags/pipeline_dag.py
[2024-08-20T17:47:12.235+0000] {logging_mixin.py:190} INFO - [2024-08-20T17:47:12.234+0000] {dag.py:3211} INFO - Sync 1 DAGs
[2024-08-20T17:47:12.252+0000] {logging_mixin.py:190} INFO - [2024-08-20T17:47:12.251+0000] {dag.py:4138} INFO - Setting next_dagrun for data_pipeline to None, run_after=None
[2024-08-20T17:47:12.276+0000] {processor.py:208} INFO - Processing /opt/airflow/dags/pipeline_dag.py took 0.953 seconds
[2024-08-20T17:47:42.588+0000] {processor.py:186} INFO - Started process (PID=116) to work on /opt/airflow/dags/pipeline_dag.py
[2024-08-20T17:47:42.590+0000] {processor.py:914} INFO - Processing file /opt/airflow/dags/pipeline_dag.py for tasks to queue
[2024-08-20T17:47:42.593+0000] {logging_mixin.py:190} INFO - [2024-08-20T17:47:42.593+0000] {dagbag.py:587} INFO - Filling up the DagBag from /opt/airflow/dags/pipeline_dag.py
[2024-08-20T17:47:43.261+0000] {processor.py:925} INFO - DAG(s) 'data_pipeline' retrieved from /opt/airflow/dags/pipeline_dag.py
[2024-08-20T17:47:43.291+0000] {logging_mixin.py:190} INFO - [2024-08-20T17:47:43.290+0000] {dag.py:3211} INFO - Sync 1 DAGs
[2024-08-20T17:47:43.306+0000] {logging_mixin.py:190} INFO - [2024-08-20T17:47:43.306+0000] {dag.py:4138} INFO - Setting next_dagrun for data_pipeline to None, run_after=None
[2024-08-20T17:47:43.333+0000] {processor.py:208} INFO - Processing /opt/airflow/dags/pipeline_dag.py took 0.752 seconds
[2024-08-20T17:48:13.640+0000] {processor.py:186} INFO - Started process (PID=124) to work on /opt/airflow/dags/pipeline_dag.py
[2024-08-20T17:48:13.642+0000] {processor.py:914} INFO - Processing file /opt/airflow/dags/pipeline_dag.py for tasks to queue
[2024-08-20T17:48:13.645+0000] {logging_mixin.py:190} INFO - [2024-08-20T17:48:13.645+0000] {dagbag.py:587} INFO - Filling up the DagBag from /opt/airflow/dags/pipeline_dag.py
[2024-08-20T17:48:14.253+0000] {processor.py:925} INFO - DAG(s) 'data_pipeline' retrieved from /opt/airflow/dags/pipeline_dag.py
[2024-08-20T17:48:14.280+0000] {logging_mixin.py:190} INFO - [2024-08-20T17:48:14.279+0000] {dag.py:3211} INFO - Sync 1 DAGs
[2024-08-20T17:48:14.294+0000] {logging_mixin.py:190} INFO - [2024-08-20T17:48:14.294+0000] {dag.py:4138} INFO - Setting next_dagrun for data_pipeline to None, run_after=None
[2024-08-20T17:48:14.322+0000] {processor.py:208} INFO - Processing /opt/airflow/dags/pipeline_dag.py took 0.688 seconds
