[2024-08-20T17:43:46.999+0000] {manager.py:483} INFO - Processing files using up to 2 processes at a time 
[2024-08-20T17:43:47.000+0000] {manager.py:484} INFO - Process each file at most once every 30 seconds
[2024-08-20T17:43:47.001+0000] {manager.py:485} INFO - Checking for new files in /opt/airflow/dags every 300 seconds
[2024-08-20T17:43:47.002+0000] {manager.py:821} INFO - Searching for files in /opt/airflow/dags
[2024-08-20T17:43:47.016+0000] {manager.py:824} INFO - There are 1 files in /opt/airflow/dags
[2024-08-20T17:43:47.284+0000] {manager.py:997} INFO - 
================================================================================
DAG File Processing Stats

File Path                            PID  Runtime      # DAGs    # Errors  Last Runtime    Last Run      Last # of DB Queries
---------------------------------  -----  ---------  --------  ----------  --------------  ----------  ----------------------
/opt/airflow/dags/pipeline_dag.py     55  0.10s             0           0                                                   0
================================================================================
[2024-08-20T17:44:17.825+0000] {manager.py:997} INFO - 
================================================================================
DAG File Processing Stats

File Path                          PID    Runtime      # DAGs    # Errors  Last Runtime    Last Run               Last # of DB Queries
---------------------------------  -----  ---------  --------  ----------  --------------  -------------------  ----------------------
/opt/airflow/dags/pipeline_dag.py                           1           0  10.78s          2024-08-20T17:43:57                      24
================================================================================
[2024-08-20T17:44:48.542+0000] {manager.py:997} INFO - 
================================================================================
DAG File Processing Stats

File Path                          PID    Runtime      # DAGs    # Errors  Last Runtime    Last Run               Last # of DB Queries
---------------------------------  -----  ---------  --------  ----------  --------------  -------------------  ----------------------
/opt/airflow/dags/pipeline_dag.py                           1           0  3.36s           2024-08-20T17:44:31                      10
================================================================================
[2024-08-20T17:45:19.052+0000] {manager.py:997} INFO - 
================================================================================
DAG File Processing Stats

File Path                          PID    Runtime      # DAGs    # Errors  Last Runtime    Last Run               Last # of DB Queries
---------------------------------  -----  ---------  --------  ----------  --------------  -------------------  ----------------------
/opt/airflow/dags/pipeline_dag.py                           1           0  5.38s           2024-08-20T17:45:07                      10
================================================================================
[2024-08-20T17:45:49.519+0000] {manager.py:997} INFO - 
================================================================================
DAG File Processing Stats

File Path                          PID    Runtime      # DAGs    # Errors  Last Runtime    Last Run               Last # of DB Queries
---------------------------------  -----  ---------  --------  ----------  --------------  -------------------  ----------------------
/opt/airflow/dags/pipeline_dag.py                           1           0  1.18s           2024-08-20T17:45:38                      10
================================================================================
[2024-08-20T17:46:19.741+0000] {manager.py:997} INFO - 
================================================================================
DAG File Processing Stats

File Path                          PID    Runtime      # DAGs    # Errors  Last Runtime    Last Run               Last # of DB Queries
---------------------------------  -----  ---------  --------  ----------  --------------  -------------------  ----------------------
/opt/airflow/dags/pipeline_dag.py                           1           0  0.93s           2024-08-20T17:46:09                      10
================================================================================
[2024-08-20T17:46:50.085+0000] {manager.py:997} INFO - 
================================================================================
DAG File Processing Stats

File Path                          PID    Runtime      # DAGs    # Errors  Last Runtime    Last Run               Last # of DB Queries
---------------------------------  -----  ---------  --------  ----------  --------------  -------------------  ----------------------
/opt/airflow/dags/pipeline_dag.py                           1           0  0.89s           2024-08-20T17:46:40                      10
================================================================================
[2024-08-20T17:47:20.356+0000] {manager.py:997} INFO - 
================================================================================
DAG File Processing Stats

File Path                          PID    Runtime      # DAGs    # Errors  Last Runtime    Last Run               Last # of DB Queries
---------------------------------  -----  ---------  --------  ----------  --------------  -------------------  ----------------------
/opt/airflow/dags/pipeline_dag.py                           1           0  0.98s           2024-08-20T17:47:12                      10
================================================================================
[2024-08-20T17:47:50.413+0000] {manager.py:997} INFO - 
================================================================================
DAG File Processing Stats

File Path                          PID    Runtime      # DAGs    # Errors  Last Runtime    Last Run               Last # of DB Queries
---------------------------------  -----  ---------  --------  ----------  --------------  -------------------  ----------------------
/opt/airflow/dags/pipeline_dag.py                           1           0  0.78s           2024-08-20T17:47:43                      10
================================================================================
[2024-08-20T17:48:20.944+0000] {manager.py:997} INFO - 
================================================================================
DAG File Processing Stats

File Path                          PID    Runtime      # DAGs    # Errors  Last Runtime    Last Run               Last # of DB Queries
---------------------------------  -----  ---------  --------  ----------  --------------  -------------------  ----------------------
/opt/airflow/dags/pipeline_dag.py                           1           0  0.72s           2024-08-20T17:48:14                      10
================================================================================
[2024-08-20T17:48:36.450+0000] {manager.py:465} INFO - Exiting gracefully upon receiving signal 15
