[2024-08-20T17:47:31.429+0000] {local_task_job_runner.py:123} INFO - ::group::Pre task execution logs
[2024-08-20T17:47:31.451+0000] {taskinstance.py:2603} INFO - Dependencies all met for dep_context=non-requeueable deps ti=<TaskInstance: data_pipeline.load_data manual__2024-08-20T17:47:07.205957+00:00 [queued]>
[2024-08-20T17:47:31.464+0000] {taskinstance.py:2603} INFO - Dependencies all met for dep_context=requeueable deps ti=<TaskInstance: data_pipeline.load_data manual__2024-08-20T17:47:07.205957+00:00 [queued]>
[2024-08-20T17:47:31.465+0000] {taskinstance.py:2856} INFO - Starting attempt 1 of 2
[2024-08-20T17:47:31.488+0000] {taskinstance.py:2879} INFO - Executing <Task(PythonOperator): load_data> on 2024-08-20 17:47:07.205957+00:00
[2024-08-20T17:47:31.498+0000] {warnings.py:112} WARNING - /home/***/.local/lib/python3.12/site-packages/***/task/task_runner/standard_task_runner.py:70: DeprecationWarning: This process (pid=125) is multi-threaded, use of fork() may lead to deadlocks in the child.
  pid = os.fork()

[2024-08-20T17:47:31.500+0000] {standard_task_runner.py:72} INFO - Started process 127 to run task
[2024-08-20T17:47:31.500+0000] {standard_task_runner.py:104} INFO - Running: ['***', 'tasks', 'run', 'data_pipeline', 'load_data', 'manual__2024-08-20T17:47:07.205957+00:00', '--job-id', '7', '--raw', '--subdir', 'DAGS_FOLDER/pipeline_dag.py', '--cfg-path', '/tmp/tmpztfcec62']
[2024-08-20T17:47:31.504+0000] {standard_task_runner.py:105} INFO - Job 7: Subtask load_data
[2024-08-20T17:47:31.565+0000] {task_command.py:467} INFO - Running <TaskInstance: data_pipeline.load_data manual__2024-08-20T17:47:07.205957+00:00 [running]> on host 394d1672044c
[2024-08-20T17:47:31.672+0000] {taskinstance.py:3122} INFO - Exporting env vars: AIRFLOW_CTX_DAG_OWNER='***' AIRFLOW_CTX_DAG_ID='data_pipeline' AIRFLOW_CTX_TASK_ID='load_data' AIRFLOW_CTX_EXECUTION_DATE='2024-08-20T17:47:07.205957+00:00' AIRFLOW_CTX_TRY_NUMBER='1' AIRFLOW_CTX_DAG_RUN_ID='manual__2024-08-20T17:47:07.205957+00:00'
[2024-08-20T17:47:31.674+0000] {taskinstance.py:731} INFO - ::endgroup::
[2024-08-20T17:47:31.841+0000] {logging_mixin.py:190} INFO -       id name
0      1   aa
1      2   ab
2      3   ac
3      4   ad
4      5   af
..   ...  ...
467  468   zs
468  469   zu
469  470   zv
470  471   zw
471  472   zy

[472 rows x 2 columns]
[2024-08-20T17:47:36.638+0000] {logging_mixin.py:190} INFO - Loaded 472 rows into names-codes.
[2024-08-20T17:47:36.639+0000] {python.py:240} INFO - Done. Returned value was: None
[2024-08-20T17:47:36.652+0000] {taskinstance.py:340} INFO - ::group::Post task execution logs
[2024-08-20T17:47:36.653+0000] {taskinstance.py:352} INFO - Marking task as SUCCESS. dag_id=data_pipeline, task_id=load_data, run_id=manual__2024-08-20T17:47:07.205957+00:00, execution_date=20240820T174707, start_date=20240820T174731, end_date=20240820T174736
[2024-08-20T17:47:36.676+0000] {local_task_job_runner.py:261} INFO - Task exited with return code 0
[2024-08-20T17:47:36.692+0000] {taskinstance.py:3891} INFO - 0 downstream tasks scheduled from follow-on schedule check
[2024-08-20T17:47:36.695+0000] {local_task_job_runner.py:240} INFO - ::endgroup::
