[2024-08-20T17:47:22.044+0000] {local_task_job_runner.py:123} INFO - ::group::Pre task execution logs
[2024-08-20T17:47:22.064+0000] {taskinstance.py:2603} INFO - Dependencies all met for dep_context=non-requeueable deps ti=<TaskInstance: data_pipeline.process_data manual__2024-08-20T17:47:07.205957+00:00 [queued]>
[2024-08-20T17:47:22.073+0000] {taskinstance.py:2603} INFO - Dependencies all met for dep_context=requeueable deps ti=<TaskInstance: data_pipeline.process_data manual__2024-08-20T17:47:07.205957+00:00 [queued]>
[2024-08-20T17:47:22.075+0000] {taskinstance.py:2856} INFO - Starting attempt 1 of 2
[2024-08-20T17:47:22.093+0000] {taskinstance.py:2879} INFO - Executing <Task(PythonOperator): process_data> on 2024-08-20 17:47:07.205957+00:00
[2024-08-20T17:47:22.100+0000] {warnings.py:112} WARNING - /home/***/.local/lib/python3.12/site-packages/***/task/task_runner/standard_task_runner.py:70: DeprecationWarning: This process (pid=112) is multi-threaded, use of fork() may lead to deadlocks in the child.
  pid = os.fork()

[2024-08-20T17:47:22.102+0000] {standard_task_runner.py:72} INFO - Started process 114 to run task
[2024-08-20T17:47:22.102+0000] {standard_task_runner.py:104} INFO - Running: ['***', 'tasks', 'run', 'data_pipeline', 'process_data', 'manual__2024-08-20T17:47:07.205957+00:00', '--job-id', '4', '--raw', '--subdir', 'DAGS_FOLDER/pipeline_dag.py', '--cfg-path', '/tmp/tmpumoreds5']
[2024-08-20T17:47:22.105+0000] {standard_task_runner.py:105} INFO - Job 4: Subtask process_data
[2024-08-20T17:47:22.156+0000] {task_command.py:467} INFO - Running <TaskInstance: data_pipeline.process_data manual__2024-08-20T17:47:07.205957+00:00 [running]> on host 394d1672044c
[2024-08-20T17:47:22.239+0000] {taskinstance.py:3122} INFO - Exporting env vars: AIRFLOW_CTX_DAG_OWNER='***' AIRFLOW_CTX_DAG_ID='data_pipeline' AIRFLOW_CTX_TASK_ID='process_data' AIRFLOW_CTX_EXECUTION_DATE='2024-08-20T17:47:07.205957+00:00' AIRFLOW_CTX_TRY_NUMBER='1' AIRFLOW_CTX_DAG_RUN_ID='manual__2024-08-20T17:47:07.205957+00:00'
[2024-08-20T17:47:22.241+0000] {taskinstance.py:731} INFO - ::endgroup::
[2024-08-20T17:47:22.265+0000] {logging_mixin.py:190} INFO - ['aa', 'ab', 'ac', 'ad', 'af', 'ag', 'ah', 'ai', 'aj', 'ak', 'am', 'an', 'ao', 'ap', 'aq', 'ar', 'as', 'at', 'au', 'aw', 'ax', 'ay', 'az', 'ba', 'bb', 'be', 'bg', 'bh', 'bi', 'bj', 'bk', 'bl', 'bn', 'bo', 'br', 'bs', 'bt', 'bv', 'bw', 'by', 'bz', 'cc', 'cd', 'ce', 'ch', 'ci', 'cl', 'cm', 'co', 'cr', 'cs', 'cv', 'cw', 'cy', 'cz', 'da', 'db', 'dc', 'de', 'dg', 'dh', 'di', 'dj', 'dk', 'dl', 'dm', 'do', 'dr', 'ds', 'du', 'dv', 'dw', 'dy', 'ea', 'eb', 'ec', 'ed', 'ee', 'ef', 'eg', 'eh', 'ei', 'ej', 'ek', 'el', 'em', 'en', 'ep', 'eq', 'er', 'es', 'et', 'eu', 'ev', 'ew', 'ex', 'ey', 'ez', 'fa', 'fd', 'fe', 'fi', 'fj', 'fl', 'fo', 'fr', 'ft', 'fu', 'fy', 'ga', 'gb', 'gc', 'gd', 'ge', 'gf', 'gh', 'gi', 'gj', 'gk', 'gl', 'gm', 'gn', 'go', 'gr', 'gs', 'gt', 'gu', 'gv', 'gw', 'gy', 'ha', 'hd', 'he', 'hi', 'hj', 'hl', 'hm', 'hn', 'ho', 'hr', 'hs', 'ht', 'hu', 'hv', 'hw', 'hy', 'ia', 'ib', 'ic', 'id', 'ie', 'if', 'ig', 'ih', 'ii', 'ij', 'ik', 'il', 'im', 'in', 'io', 'ip', 'iq', 'ir', 'is', 'it', 'iu', 'iv', 'iw', 'ix', 'iy', 'iz', 'ja', 'jb', 'jd', 'je', 'jg', 'jh', 'ji', 'jl', 'jn', 'jo', 'jr', 'ju', 'jw', 'jy', 'ka', 'kb', 'kc', 'kd', 'ke', 'kg', 'kh', 'ki', 'kj', 'kl', 'km', 'kn', 'ko', 'kp', 'kr', 'ks', 'kt', 'ku', 'kv', 'kw', 'ky', 'la', 'le', 'lg', 'lh', 'li', 'lj', 'lk', 'll', 'lm', 'lo', 'lt', 'lu', 'lw', 'ly', 'ma', 'mb', 'mc', 'md', 'me', 'mf', 'mg', 'mh', 'mi', 'mj', 'mk', 'ml', 'mm', 'mn', 'mo', 'mp', 'mq', 'mr', 'ms', 'mt', 'mu', 'mv', 'mw', 'mx', 'my', 'mz', 'na', 'nc', 'nd', 'ne', 'nf', 'ng', 'nh', 'ni', 'nj', 'nk', 'nl', 'nm', 'nn', 'no', 'nr', 'ns', 'nt', 'nw', 'nx', 'ny', 'nz', 'oa', 'ob', 'oc', 'od', 'oe', 'of', 'og', 'oh', 'oi', 'oj', 'ok', 'ol', 'om', 'on', 'oo', 'op', 'oq', 'or', 'ot', 'ou', 'ow', 'ox', 'oy', 'pa', 'pc', 'pe', 'pf', 'ph', 'pi', 'pj', 'pl', 'pm', 'pn', 'po', 'pp', 'pr', 'ps', 'pt', 'pu', 'pv', 'pw', 'py', 'qa', 'qe', 'qi', 'qo', 'qr', 'qt', 'qu', 'qv', 'qw', 'ra', 're', 'rg', 'rh', 'ri', 'rj', 'rm', 'rn', 'ro', 'rr', 'ru', 'rw', 'ry', 'sa', 'sb', 'sc', 'sd', 'se', 'sf', 'sg', 'sh', 'sj', 'sk', 'sl', 'sm', 'sn', 'so', 'sp', 'sq', 'sr', 'ss', 'st', 'sv', 'sw', 'sy', 'sz', 'ta', 'tb', 'tc', 'te', 'tf', 'th', 'ti', 'tj', 'tk', 'tl', 'tm', 'tn', 'to', 'tp', 'tr', 'ts', 'tt', 'tv', 'tw', 'tx', 'ty', 'tz', 'ua', 'ub', 'uc', 'ud', 'ue', 'uf', 'ug', 'uh', 'ui', 'uj', 'uk', 'ul', 'um', 'un', 'uo', 'up', 'uq', 'ur', 'us', 'ut', 'uu', 'uv', 'uw', 'ux', 'uy', 'uz', 'va', 'vd', 've', 'vi', 'vj', 'vl', 'vo', 'vp', 'vr', 'vs', 'vu', 'vy', 'wa', 'wb', 'wd', 'we', 'wh', 'wi', 'wl', 'wn', 'wr', 'ws', 'wu', 'wy', 'xa', 'xe', 'xh', 'xi', 'xo', 'xu', 'xv', 'xy', 'ya', 'yb', 'yc', 'yd', 'ye', 'yf', 'yg', 'yh', 'yk', 'yl', 'ym', 'yn', 'yo', 'yp', 'yr', 'ys', 'yt', 'yu', 'yv', 'za', 'zb', 'zd', 'ze', 'zh', 'zi', 'zj', 'zl', 'zm', 'zn', 'zo', 'zp', 'zr', 'zs', 'zu', 'zv', 'zw', 'zy']
[2024-08-20T17:47:22.309+0000] {logging_mixin.py:190} INFO -       id name
0      1   aa
1      2   ab
2      3   ac
3      4   ad
4      5   af
..   ...  ...
467  468   zs
468  469   zu
469  470   zv
470  471   zw
471  472   zy

[472 rows x 2 columns]
[2024-08-20T17:47:22.310+0000] {python.py:240} INFO - Done. Returned value was:       id name
0      1   aa
1      2   ab
2      3   ac
3      4   ad
4      5   af
..   ...  ...
467  468   zs
468  469   zu
469  470   zv
470  471   zw
471  472   zy

[472 rows x 2 columns]
[2024-08-20T17:47:22.451+0000] {taskinstance.py:340} INFO - ::group::Post task execution logs
[2024-08-20T17:47:22.452+0000] {taskinstance.py:352} INFO - Marking task as SUCCESS. dag_id=data_pipeline, task_id=process_data, run_id=manual__2024-08-20T17:47:07.205957+00:00, execution_date=20240820T174707, start_date=20240820T174722, end_date=20240820T174722
[2024-08-20T17:47:22.479+0000] {local_task_job_runner.py:261} INFO - Task exited with return code 0
[2024-08-20T17:47:22.507+0000] {taskinstance.py:3891} INFO - 1 downstream tasks scheduled from follow-on schedule check
[2024-08-20T17:47:22.515+0000] {local_task_job_runner.py:240} INFO - ::endgroup::
